[ 2019-08-05T00:04:49+08:00 ] ::1 /MYApp/monitor/Home/WarnningData/getWarnningDataAPI
INFO: [ app_init ] --START--
INFO: Run Behavior\BuildLiteBehavior [ RunTime:0.000022s ]
INFO: [ app_init ] --END-- [ RunTime:0.001666s ]
INFO: [ app_begin ] --START--
INFO: Run Behavior\ReadHtmlCacheBehavior [ RunTime:0.001437s ]
INFO: [ app_begin ] --END-- [ RunTime:0.001923s ]
SQL: SHOW COLUMNS FROM `warn_message` [ RunTime:0.0024s ]
SQL: SELECT * FROM `warn_message`  [ RunTime:0.0005s ]
SQL: SHOW COLUMNS FROM `co2_data` [ RunTime:0.0008s ]
SQL: SELECT * FROM `co2_data`  [ RunTime:0.0003s ]
SQL: SHOW COLUMNS FROM `pm_data` [ RunTime:0.0007s ]
SQL: SELECT * FROM `pm_data`  [ RunTime:0.0003s ]
SQL: SHOW COLUMNS FROM `temp_data` [ RunTime:0.0008s ]
SQL: SELECT * FROM `temp_data`  [ RunTime:0.0003s ]
SQL: SHOW COLUMNS FROM `humi_data` [ RunTime:0.0008s ]
SQL: SELECT * FROM `humi_data`  [ RunTime:0.0003s ]
INFO: [ app_end ] --START--
INFO: Run Behavior\ShowPageTraceBehavior [ RunTime:0.000899s ]
INFO: [ app_end ] --END-- [ RunTime:0.000949s ]

[ 2019-08-05T00:07:30+08:00 ] ::1 /MYApp/monitor/Home/WarnningData/getWarnningDataAPI
INFO: [ app_init ] --START--
INFO: Run Behavior\BuildLiteBehavior [ RunTime:0.000012s ]
INFO: [ app_init ] --END-- [ RunTime:0.000497s ]
INFO: [ app_begin ] --START--
INFO: Run Behavior\ReadHtmlCacheBehavior [ RunTime:0.000759s ]
INFO: [ app_begin ] --END-- [ RunTime:0.000815s ]
SQL: SHOW COLUMNS FROM `warn_message` [ RunTime:0.0382s ]
SQL: SELECT * FROM `warn_message`  [ RunTime:0.0005s ]
SQL: SHOW COLUMNS FROM `co2_data` [ RunTime:0.0010s ]
SQL: SELECT * FROM `co2_data`  [ RunTime:0.0004s ]
SQL: SHOW COLUMNS FROM `pm_data` [ RunTime:0.0009s ]
SQL: SELECT * FROM `pm_data`  [ RunTime:0.0005s ]
SQL: SHOW COLUMNS FROM `temp_data` [ RunTime:0.0009s ]
SQL: SELECT * FROM `temp_data`  [ RunTime:0.0003s ]
SQL: SHOW COLUMNS FROM `humi_data` [ RunTime:0.0007s ]
SQL: SELECT * FROM `humi_data`  [ RunTime:0.0003s ]
INFO: [ app_end ] --START--
INFO: Run Behavior\ShowPageTraceBehavior [ RunTime:0.000823s ]
INFO: [ app_end ] --END-- [ RunTime:0.000874s ]

[ 2019-08-05T00:12:11+08:00 ] ::1 /MYApp/monitor/Home/WarnningData/getWarnningDataAPI
INFO: [ app_init ] --START--
INFO: Run Behavior\BuildLiteBehavior [ RunTime:0.000022s ]
INFO: [ app_init ] --END-- [ RunTime:0.000592s ]
INFO: [ app_begin ] --START--
INFO: Run Behavior\ReadHtmlCacheBehavior [ RunTime:0.000826s ]
INFO: [ app_begin ] --END-- [ RunTime:0.000893s ]
SQL: SHOW COLUMNS FROM `warn_message` [ RunTime:0.0615s ]
SQL: SELECT * FROM `warn_message`  [ RunTime:0.0012s ]
SQL: SHOW COLUMNS FROM `co2_data` [ RunTime:0.0635s ]
SQL: SELECT * FROM `co2_data`  [ RunTime:0.0005s ]
SQL: SHOW COLUMNS FROM `pm_data` [ RunTime:0.0011s ]
SQL: SELECT * FROM `pm_data`  [ RunTime:0.0009s ]
SQL: SHOW COLUMNS FROM `temp_data` [ RunTime:0.0011s ]
SQL: SELECT * FROM `temp_data`  [ RunTime:0.0005s ]
SQL: SHOW COLUMNS FROM `humi_data` [ RunTime:0.0009s ]
SQL: SELECT * FROM `humi_data`  [ RunTime:0.0005s ]
INFO: [ app_end ] --START--
INFO: Run Behavior\ShowPageTraceBehavior [ RunTime:0.001123s ]
INFO: [ app_end ] --END-- [ RunTime:0.001199s ]

[ 2019-08-05T00:13:38+08:00 ] ::1 /MYApp/monitor/Home/WarnningData/getWarnningDataAPI
INFO: [ app_init ] --START--
INFO: Run Behavior\BuildLiteBehavior [ RunTime:0.000012s ]
INFO: [ app_init ] --END-- [ RunTime:0.000449s ]
INFO: [ app_begin ] --START--
INFO: Run Behavior\ReadHtmlCacheBehavior [ RunTime:0.000437s ]
INFO: [ app_begin ] --END-- [ RunTime:0.000477s ]
SQL: SHOW COLUMNS FROM `warn_message` [ RunTime:0.0089s ]
SQL: SELECT * FROM `warn_message`  [ RunTime:0.0002s ]
SQL: SHOW COLUMNS FROM `co2_data` [ RunTime:0.0005s ]
SQL: SELECT * FROM `co2_data`  [ RunTime:0.0003s ]
SQL: SHOW COLUMNS FROM `pm_data` [ RunTime:0.0006s ]
SQL: SELECT * FROM `pm_data`  [ RunTime:0.0003s ]
SQL: SHOW COLUMNS FROM `temp_data` [ RunTime:0.0005s ]
SQL: SELECT * FROM `temp_data`  [ RunTime:0.0003s ]
SQL: SHOW COLUMNS FROM `humi_data` [ RunTime:0.0007s ]
SQL: SELECT * FROM `humi_data`  [ RunTime:0.0003s ]
INFO: [ app_end ] --START--
INFO: Run Behavior\ShowPageTraceBehavior [ RunTime:0.000636s ]
INFO: [ app_end ] --END-- [ RunTime:0.000681s ]

[ 2019-08-05T00:14:41+08:00 ] ::1 /MYApp/monitor/Home/WarnningData/getWarnningDataAPI
INFO: [ app_init ] --START--
INFO: Run Behavior\BuildLiteBehavior [ RunTime:0.000014s ]
INFO: [ app_init ] --END-- [ RunTime:0.000617s ]
INFO: [ app_begin ] --START--
INFO: Run Behavior\ReadHtmlCacheBehavior [ RunTime:0.002039s ]
INFO: [ app_begin ] --END-- [ RunTime:0.002114s ]
SQL: SHOW COLUMNS FROM `warn_message` [ RunTime:0.0097s ]
SQL: SELECT * FROM `warn_message`  [ RunTime:0.0004s ]
SQL: SHOW COLUMNS FROM `co2_data` [ RunTime:0.0007s ]
SQL: SELECT * FROM `co2_data`  [ RunTime:0.0003s ]
SQL: SHOW COLUMNS FROM `pm_data` [ RunTime:0.0007s ]
SQL: SELECT * FROM `pm_data`  [ RunTime:0.0003s ]
SQL: SHOW COLUMNS FROM `temp_data` [ RunTime:0.0007s ]
SQL: SELECT * FROM `temp_data`  [ RunTime:0.0005s ]
SQL: SHOW COLUMNS FROM `humi_data` [ RunTime:0.0007s ]
SQL: SELECT * FROM `humi_data`  [ RunTime:0.0003s ]
INFO: [ app_end ] --START--
INFO: Run Behavior\ShowPageTraceBehavior [ RunTime:0.008826s ]
INFO: [ app_end ] --END-- [ RunTime:0.008884s ]

[ 2019-08-05T00:14:50+08:00 ] ::1 /MYApp/monitor/Home/WarnningData/getWarnningDataAPI
INFO: [ app_init ] --START--
INFO: Run Behavior\BuildLiteBehavior [ RunTime:0.000013s ]
INFO: [ app_init ] --END-- [ RunTime:0.000409s ]
INFO: [ app_begin ] --START--
INFO: Run Behavior\ReadHtmlCacheBehavior [ RunTime:0.000559s ]
INFO: [ app_begin ] --END-- [ RunTime:0.000612s ]
SQL: SHOW COLUMNS FROM `warn_message` [ RunTime:0.0007s ]
SQL: SELECT * FROM `warn_message`  [ RunTime:0.0004s ]
SQL: SHOW COLUMNS FROM `co2_data` [ RunTime:0.0007s ]
SQL: SELECT * FROM `co2_data`  [ RunTime:0.0003s ]
SQL: SHOW COLUMNS FROM `pm_data` [ RunTime:0.0006s ]
SQL: SELECT * FROM `pm_data`  [ RunTime:0.0003s ]
SQL: SHOW COLUMNS FROM `temp_data` [ RunTime:0.0115s ]
SQL: SELECT * FROM `temp_data`  [ RunTime:0.0003s ]
SQL: SHOW COLUMNS FROM `humi_data` [ RunTime:0.0005s ]
SQL: SELECT * FROM `humi_data`  [ RunTime:0.0002s ]
INFO: [ app_end ] --START--
INFO: Run Behavior\ShowPageTraceBehavior [ RunTime:0.000665s ]
INFO: [ app_end ] --END-- [ RunTime:0.000713s ]

[ 2019-08-05T00:14:58+08:00 ] ::1 /MYApp/monitor/Home/WarnningData/getWarnningDataAPI
INFO: [ app_init ] --START--
INFO: Run Behavior\BuildLiteBehavior [ RunTime:0.000015s ]
INFO: [ app_init ] --END-- [ RunTime:0.000430s ]
INFO: [ app_begin ] --START--
INFO: Run Behavior\ReadHtmlCacheBehavior [ RunTime:0.000606s ]
INFO: [ app_begin ] --END-- [ RunTime:0.000690s ]
SQL: SHOW COLUMNS FROM `warn_message` [ RunTime:0.0091s ]
SQL: SELECT * FROM `warn_message`  [ RunTime:0.0103s ]
SQL: SHOW COLUMNS FROM `co2_data` [ RunTime:0.0222s ]
SQL: SELECT * FROM `co2_data`  [ RunTime:0.0003s ]
SQL: SHOW COLUMNS FROM `pm_data` [ RunTime:0.0006s ]
SQL: SELECT * FROM `pm_data`  [ RunTime:0.0003s ]
SQL: SHOW COLUMNS FROM `temp_data` [ RunTime:0.0007s ]
SQL: SELECT * FROM `temp_data`  [ RunTime:0.0003s ]
SQL: SHOW COLUMNS FROM `humi_data` [ RunTime:0.0006s ]
SQL: SELECT * FROM `humi_data`  [ RunTime:0.0003s ]
INFO: [ app_end ] --START--
INFO: Run Behavior\ShowPageTraceBehavior [ RunTime:0.000716s ]
INFO: [ app_end ] --END-- [ RunTime:0.000763s ]

[ 2019-08-05T00:15:23+08:00 ] ::1 /MYApp/monitor/Home/WarnningData/getWarnningDataAPI
INFO: [ app_init ] --START--
INFO: Run Behavior\BuildLiteBehavior [ RunTime:0.000013s ]
INFO: [ app_init ] --END-- [ RunTime:0.000430s ]
INFO: [ app_begin ] --START--
INFO: Run Behavior\ReadHtmlCacheBehavior [ RunTime:0.000584s ]
INFO: [ app_begin ] --END-- [ RunTime:0.000642s ]
SQL: SHOW COLUMNS FROM `warn_message` [ RunTime:0.0191s ]
SQL: SELECT * FROM `warn_message`  [ RunTime:0.0004s ]
SQL: SHOW COLUMNS FROM `co2_data` [ RunTime:0.0008s ]
SQL: SELECT * FROM `co2_data`  [ RunTime:0.0003s ]
SQL: SHOW COLUMNS FROM `pm_data` [ RunTime:0.0006s ]
SQL: SELECT * FROM `pm_data`  [ RunTime:0.0003s ]
SQL: SHOW COLUMNS FROM `temp_data` [ RunTime:0.0006s ]
SQL: SELECT * FROM `temp_data`  [ RunTime:0.0003s ]
SQL: SHOW COLUMNS FROM `humi_data` [ RunTime:0.0006s ]
SQL: SELECT * FROM `humi_data`  [ RunTime:0.0003s ]
INFO: [ app_end ] --START--
INFO: Run Behavior\ShowPageTraceBehavior [ RunTime:0.000726s ]
INFO: [ app_end ] --END-- [ RunTime:0.000772s ]

[ 2019-08-05T00:15:29+08:00 ] ::1 /MYApp/monitor/Home/WarnningData/getWarnningDataAPI
INFO: [ app_init ] --START--
INFO: Run Behavior\BuildLiteBehavior [ RunTime:0.000013s ]
INFO: [ app_init ] --END-- [ RunTime:0.000507s ]
INFO: [ app_begin ] --START--
INFO: Run Behavior\ReadHtmlCacheBehavior [ RunTime:0.000630s ]
INFO: [ app_begin ] --END-- [ RunTime:0.000695s ]
SQL: SHOW COLUMNS FROM `warn_message` [ RunTime:0.0007s ]
SQL: SELECT * FROM `warn_message`  [ RunTime:0.0003s ]
SQL: SHOW COLUMNS FROM `co2_data` [ RunTime:0.0007s ]
SQL: SELECT * FROM `co2_data`  [ RunTime:0.0003s ]
SQL: SHOW COLUMNS FROM `pm_data` [ RunTime:0.0006s ]
SQL: SELECT * FROM `pm_data`  [ RunTime:0.0003s ]
SQL: SHOW COLUMNS FROM `temp_data` [ RunTime:0.0007s ]
SQL: SELECT * FROM `temp_data`  [ RunTime:0.0003s ]
SQL: SHOW COLUMNS FROM `humi_data` [ RunTime:0.0006s ]
SQL: SELECT * FROM `humi_data`  [ RunTime:0.0003s ]
INFO: [ app_end ] --START--
INFO: Run Behavior\ShowPageTraceBehavior [ RunTime:0.000652s ]
INFO: [ app_end ] --END-- [ RunTime:0.000693s ]

[ 2019-08-05T00:15:43+08:00 ] ::1 /MYApp/monitor/Home/WarnningData/getWarnningDataAPI
INFO: [ app_init ] --START--
INFO: Run Behavior\BuildLiteBehavior [ RunTime:0.000012s ]
INFO: [ app_init ] --END-- [ RunTime:0.000456s ]
INFO: [ app_begin ] --START--
INFO: Run Behavior\ReadHtmlCacheBehavior [ RunTime:0.000743s ]
INFO: [ app_begin ] --END-- [ RunTime:0.000807s ]
SQL: SHOW COLUMNS FROM `warn_message` [ RunTime:0.1058s ]
SQL: SELECT * FROM `warn_message`  [ RunTime:0.0004s ]
SQL: SHOW COLUMNS FROM `co2_data` [ RunTime:0.0008s ]
SQL: SELECT * FROM `co2_data`  [ RunTime:0.0003s ]
SQL: SHOW COLUMNS FROM `pm_data` [ RunTime:0.0007s ]
SQL: SELECT * FROM `pm_data`  [ RunTime:0.0003s ]
SQL: SHOW COLUMNS FROM `temp_data` [ RunTime:0.0005s ]
SQL: SELECT * FROM `temp_data`  [ RunTime:0.0002s ]
SQL: SHOW COLUMNS FROM `humi_data` [ RunTime:0.0004s ]
SQL: SELECT * FROM `humi_data`  [ RunTime:0.0002s ]
INFO: [ app_end ] --START--
INFO: Run Behavior\ShowPageTraceBehavior [ RunTime:0.000786s ]
INFO: [ app_end ] --END-- [ RunTime:0.000828s ]

[ 2019-08-05T00:16:40+08:00 ] ::1 /MYApp/monitor/Home/WarnningData/getWarnningDataAPI
INFO: [ app_init ] --START--
INFO: Run Behavior\BuildLiteBehavior [ RunTime:0.000010s ]
INFO: [ app_init ] --END-- [ RunTime:0.000377s ]
INFO: [ app_begin ] --START--
INFO: Run Behavior\ReadHtmlCacheBehavior [ RunTime:0.000500s ]
INFO: [ app_begin ] --END-- [ RunTime:0.000542s ]
SQL: SHOW COLUMNS FROM `warn_message` [ RunTime:0.0007s ]
SQL: SELECT * FROM `warn_message`  [ RunTime:0.0004s ]
SQL: SHOW COLUMNS FROM `co2_data` [ RunTime:0.0006s ]
SQL: SELECT * FROM `co2_data`  [ RunTime:0.0003s ]
SQL: SHOW COLUMNS FROM `pm_data` [ RunTime:0.0006s ]
SQL: SELECT * FROM `pm_data`  [ RunTime:0.0003s ]
SQL: SHOW COLUMNS FROM `temp_data` [ RunTime:0.0007s ]
SQL: SELECT * FROM `temp_data`  [ RunTime:0.0118s ]
SQL: SHOW COLUMNS FROM `humi_data` [ RunTime:0.0005s ]
SQL: SELECT * FROM `humi_data`  [ RunTime:0.0002s ]
INFO: [ app_end ] --START--
INFO: Run Behavior\ShowPageTraceBehavior [ RunTime:0.000701s ]
INFO: [ app_end ] --END-- [ RunTime:0.000743s ]

[ 2019-08-05T00:16:55+08:00 ] ::1 /MYApp/monitor/Home/WarnningData/getWarnningDataAPI
INFO: [ app_init ] --START--
INFO: Run Behavior\BuildLiteBehavior [ RunTime:0.000013s ]
INFO: [ app_init ] --END-- [ RunTime:0.000564s ]
INFO: [ app_begin ] --START--
INFO: Run Behavior\ReadHtmlCacheBehavior [ RunTime:0.000848s ]
INFO: [ app_begin ] --END-- [ RunTime:0.000922s ]
SQL: SHOW COLUMNS FROM `warn_message` [ RunTime:0.0126s ]
SQL: SELECT * FROM `warn_message`  [ RunTime:0.0004s ]
SQL: SHOW COLUMNS FROM `co2_data` [ RunTime:0.0011s ]
SQL: SELECT * FROM `co2_data`  [ RunTime:0.0006s ]
SQL: SHOW COLUMNS FROM `pm_data` [ RunTime:0.0009s ]
SQL: SELECT * FROM `pm_data`  [ RunTime:0.0004s ]
SQL: SHOW COLUMNS FROM `temp_data` [ RunTime:0.0008s ]
SQL: SELECT * FROM `temp_data`  [ RunTime:0.0004s ]
SQL: SHOW COLUMNS FROM `humi_data` [ RunTime:0.0008s ]
SQL: SELECT * FROM `humi_data`  [ RunTime:0.0004s ]
INFO: [ app_end ] --START--
INFO: Run Behavior\ShowPageTraceBehavior [ RunTime:0.000917s ]
INFO: [ app_end ] --END-- [ RunTime:0.000973s ]

[ 2019-08-05T00:18:16+08:00 ] ::1 /MYApp/monitor/Home/WarnningData/getWarnningDataAPI
INFO: [ app_init ] --START--
INFO: Run Behavior\BuildLiteBehavior [ RunTime:0.000013s ]
INFO: [ app_init ] --END-- [ RunTime:0.000463s ]
INFO: [ app_begin ] --START--
INFO: Run Behavior\ReadHtmlCacheBehavior [ RunTime:0.000652s ]
INFO: [ app_begin ] --END-- [ RunTime:0.000712s ]
SQL: SHOW COLUMNS FROM `warn_message` [ RunTime:0.0009s ]
SQL: SELECT * FROM `warn_message`  [ RunTime:0.0004s ]
SQL: SHOW COLUMNS FROM `co2_data` [ RunTime:0.0007s ]
SQL: SELECT * FROM `co2_data`  [ RunTime:0.0004s ]
SQL: SHOW COLUMNS FROM `pm_data` [ RunTime:0.0008s ]
SQL: SELECT * FROM `pm_data`  [ RunTime:0.0005s ]
SQL: SHOW COLUMNS FROM `temp_data` [ RunTime:0.0320s ]
SQL: SELECT * FROM `temp_data`  [ RunTime:0.0003s ]
SQL: SHOW COLUMNS FROM `humi_data` [ RunTime:0.0007s ]
SQL: SELECT * FROM `humi_data`  [ RunTime:0.0003s ]
INFO: [ app_end ] --START--
INFO: Run Behavior\ShowPageTraceBehavior [ RunTime:0.000756s ]
INFO: [ app_end ] --END-- [ RunTime:0.000806s ]

[ 2019-08-05T09:23:27+08:00 ] ::1 /MYApp/monitor/Home/WarnningData/getWarnningDataAPI
INFO: [ app_init ] --START--
INFO: Run Behavior\BuildLiteBehavior [ RunTime:0.000034s ]
INFO: [ app_init ] --END-- [ RunTime:0.001579s ]
INFO: [ app_begin ] --START--
INFO: Run Behavior\ReadHtmlCacheBehavior [ RunTime:0.001395s ]
INFO: [ app_begin ] --END-- [ RunTime:0.001467s ]
SQL: SHOW COLUMNS FROM `warn_message` [ RunTime:0.1028s ]
SQL: SELECT * FROM `warn_message`  [ RunTime:0.0004s ]
SQL: SHOW COLUMNS FROM `co2_data` [ RunTime:0.0267s ]
SQL: SELECT * FROM `co2_data`  [ RunTime:0.0014s ]
SQL: SHOW COLUMNS FROM `pm_data` [ RunTime:0.0161s ]
SQL: SELECT * FROM `pm_data`  [ RunTime:0.0012s ]
SQL: SHOW COLUMNS FROM `temp_data` [ RunTime:0.0438s ]
SQL: SELECT * FROM `temp_data`  [ RunTime:0.0013s ]
SQL: SHOW COLUMNS FROM `humi_data` [ RunTime:0.0307s ]
SQL: SELECT * FROM `humi_data`  [ RunTime:0.0013s ]
INFO: [ app_end ] --START--
INFO: Run Behavior\ShowPageTraceBehavior [ RunTime:0.029124s ]
INFO: [ app_end ] --END-- [ RunTime:0.029285s ]

[ 2019-08-05T09:24:32+08:00 ] ::1 /MyApp/monitor/Home/Login/login
INFO: [ app_init ] --START--
INFO: Run Behavior\BuildLiteBehavior [ RunTime:0.000007s ]
INFO: [ app_init ] --END-- [ RunTime:0.000295s ]
INFO: [ app_begin ] --START--
INFO: Run Behavior\ReadHtmlCacheBehavior [ RunTime:0.000415s ]
INFO: [ app_begin ] --END-- [ RunTime:0.000445s ]
SQL: SHOW COLUMNS FROM `user` [ RunTime:0.1890s ]
SQL: SELECT * FROM `user` WHERE ( username='songyao' AND password = '123456' ) LIMIT 1   [ RunTime:0.0007s ]
INFO: [ app_end ] --START--
INFO: Run Behavior\ShowPageTraceBehavior [ RunTime:0.000743s ]
INFO: [ app_end ] --END-- [ RunTime:0.000791s ]

[ 2019-08-05T09:24:33+08:00 ] ::1 /MYApp/monitor/Home/WarnningData/getWarnningDataAPI
INFO: [ app_init ] --START--
INFO: Run Behavior\BuildLiteBehavior [ RunTime:0.000015s ]
INFO: [ app_init ] --END-- [ RunTime:0.000471s ]
INFO: [ app_begin ] --START--
INFO: Run Behavior\ReadHtmlCacheBehavior [ RunTime:0.000631s ]
INFO: [ app_begin ] --END-- [ RunTime:0.000694s ]
SQL: SHOW COLUMNS FROM `warn_message` [ RunTime:0.0009s ]
SQL: SELECT * FROM `warn_message`  [ RunTime:0.0004s ]
SQL: SHOW COLUMNS FROM `co2_data` [ RunTime:0.0010s ]
SQL: SELECT * FROM `co2_data`  [ RunTime:0.0003s ]
SQL: SHOW COLUMNS FROM `pm_data` [ RunTime:0.0010s ]
SQL: SELECT * FROM `pm_data`  [ RunTime:0.0003s ]
SQL: SHOW COLUMNS FROM `temp_data` [ RunTime:0.0011s ]
SQL: SELECT * FROM `temp_data`  [ RunTime:0.0003s ]
SQL: SHOW COLUMNS FROM `humi_data` [ RunTime:0.0010s ]
SQL: SELECT * FROM `humi_data`  [ RunTime:0.0003s ]
INFO: [ app_end ] --START--
INFO: Run Behavior\ShowPageTraceBehavior [ RunTime:0.000715s ]
INFO: [ app_end ] --END-- [ RunTime:0.000765s ]

[ 2019-08-05T10:08:48+08:00 ] ::1 /MYApp/monitor/Home/WarnningData/getWarnningDataAPI
INFO: [ app_init ] --START--
INFO: Run Behavior\BuildLiteBehavior [ RunTime:0.000027s ]
INFO: [ app_init ] --END-- [ RunTime:0.001304s ]
INFO: [ app_begin ] --START--
INFO: Run Behavior\ReadHtmlCacheBehavior [ RunTime:0.000808s ]
INFO: [ app_begin ] --END-- [ RunTime:0.000883s ]
SQL: SHOW COLUMNS FROM `warn_message` [ RunTime:0.0020s ]
SQL: SELECT * FROM `warn_message`  [ RunTime:0.0004s ]
SQL: SHOW COLUMNS FROM `co2_data` [ RunTime:0.0013s ]
SQL: SELECT * FROM `co2_data`  [ RunTime:0.0008s ]
SQL: SHOW COLUMNS FROM `pm_data` [ RunTime:0.0013s ]
SQL: SELECT * FROM `pm_data`  [ RunTime:0.0002s ]
SQL: SHOW COLUMNS FROM `temp_data` [ RunTime:0.0010s ]
SQL: SELECT * FROM `temp_data`  [ RunTime:0.0003s ]
SQL: SHOW COLUMNS FROM `humi_data` [ RunTime:0.0012s ]
SQL: SELECT * FROM `humi_data`  [ RunTime:0.0004s ]
INFO: [ app_end ] --START--
INFO: Run Behavior\ShowPageTraceBehavior [ RunTime:0.000951s ]
INFO: [ app_end ] --END-- [ RunTime:0.000995s ]

[ 2019-08-05T10:36:46+08:00 ] ::1 /MyApp/monitor/Home/Video/getVideoAPI
INFO: [ app_init ] --START--
INFO: Run Behavior\BuildLiteBehavior [ RunTime:0.000019s ]
INFO: [ app_init ] --END-- [ RunTime:0.000596s ]
INFO: [ app_begin ] --START--
INFO: Run Behavior\ReadHtmlCacheBehavior [ RunTime:0.000736s ]
INFO: [ app_begin ] --END-- [ RunTime:0.000789s ]
SQL: SHOW COLUMNS FROM `video_list` [ RunTime:0.0516s ]
SQL: SELECT * FROM `video_list`  [ RunTime:0.0101s ]
INFO: [ app_end ] --START--
INFO: Run Behavior\ShowPageTraceBehavior [ RunTime:0.000620s ]
INFO: [ app_end ] --END-- [ RunTime:0.000649s ]

[ 2019-08-05T10:40:02+08:00 ] ::1 /MyApp/monitor/Home/Video/getVideoAPI
INFO: [ app_init ] --START--
INFO: Run Behavior\BuildLiteBehavior [ RunTime:0.000013s ]
INFO: [ app_init ] --END-- [ RunTime:0.000489s ]
INFO: [ app_begin ] --START--
INFO: Run Behavior\ReadHtmlCacheBehavior [ RunTime:0.000702s ]
INFO: [ app_begin ] --END-- [ RunTime:0.000752s ]
SQL: SHOW COLUMNS FROM `video_list` [ RunTime:0.0012s ]
SQL: SELECT * FROM `video_list`  [ RunTime:0.0005s ]
INFO: [ app_end ] --START--
INFO: Run Behavior\ShowPageTraceBehavior [ RunTime:0.000816s ]
INFO: [ app_end ] --END-- [ RunTime:0.000864s ]

[ 2019-08-05T10:40:06+08:00 ] ::1 /MyApp/monitor/Home/Video/getVideoAPI
INFO: [ app_init ] --START--
INFO: Run Behavior\BuildLiteBehavior [ RunTime:0.000008s ]
INFO: [ app_init ] --END-- [ RunTime:0.000385s ]
INFO: [ app_begin ] --START--
INFO: Run Behavior\ReadHtmlCacheBehavior [ RunTime:0.000567s ]
INFO: [ app_begin ] --END-- [ RunTime:0.000615s ]
SQL: SHOW COLUMNS FROM `video_list` [ RunTime:0.0011s ]
SQL: SELECT * FROM `video_list`  [ RunTime:0.0003s ]
INFO: [ app_end ] --START--
INFO: Run Behavior\ShowPageTraceBehavior [ RunTime:0.000785s ]
INFO: [ app_end ] --END-- [ RunTime:0.000833s ]

[ 2019-08-05T10:40:14+08:00 ] ::1 /MyApp/monitor/Home/Video/getVideoAPI
INFO: [ app_init ] --START--
INFO: Run Behavior\BuildLiteBehavior [ RunTime:0.000012s ]
INFO: [ app_init ] --END-- [ RunTime:0.000420s ]
INFO: [ app_begin ] --START--
INFO: Run Behavior\ReadHtmlCacheBehavior [ RunTime:0.000558s ]
INFO: [ app_begin ] --END-- [ RunTime:0.000605s ]
SQL: SHOW COLUMNS FROM `video_list` [ RunTime:0.0009s ]
SQL: SELECT * FROM `video_list`  [ RunTime:0.0004s ]
INFO: [ app_end ] --START--
INFO: Run Behavior\ShowPageTraceBehavior [ RunTime:0.001030s ]
INFO: [ app_end ] --END-- [ RunTime:0.001077s ]

[ 2019-08-05T10:40:27+08:00 ] ::1 /MyApp/monitor/Home/Video/getVideoAPI
INFO: [ app_init ] --START--
INFO: Run Behavior\BuildLiteBehavior [ RunTime:0.000013s ]
INFO: [ app_init ] --END-- [ RunTime:0.000513s ]
INFO: [ app_begin ] --START--
INFO: Run Behavior\ReadHtmlCacheBehavior [ RunTime:0.000628s ]
INFO: [ app_begin ] --END-- [ RunTime:0.000678s ]
SQL: SHOW COLUMNS FROM `video_list` [ RunTime:0.0011s ]
SQL: SELECT * FROM `video_list`  [ RunTime:0.0004s ]
INFO: [ app_end ] --START--
INFO: Run Behavior\ShowPageTraceBehavior [ RunTime:0.000759s ]
INFO: [ app_end ] --END-- [ RunTime:0.000829s ]

[ 2019-08-05T10:40:53+08:00 ] ::1 /MyApp/monitor/Home/Video/getVideoAPI
INFO: [ app_init ] --START--
INFO: Run Behavior\BuildLiteBehavior [ RunTime:0.000013s ]
INFO: [ app_init ] --END-- [ RunTime:0.000449s ]
INFO: [ app_begin ] --START--
INFO: Run Behavior\ReadHtmlCacheBehavior [ RunTime:0.000933s ]
INFO: [ app_begin ] --END-- [ RunTime:0.001165s ]
SQL: SHOW COLUMNS FROM `video_list` [ RunTime:0.0012s ]
SQL: SELECT * FROM `video_list`  [ RunTime:0.0003s ]
INFO: [ app_end ] --START--
INFO: Run Behavior\ShowPageTraceBehavior [ RunTime:0.000737s ]
INFO: [ app_end ] --END-- [ RunTime:0.000792s ]

[ 2019-08-05T10:41:28+08:00 ] ::1 /MyApp/monitor/Home/Video/getVideoAPI
INFO: [ app_init ] --START--
INFO: Run Behavior\BuildLiteBehavior [ RunTime:0.000012s ]
INFO: [ app_init ] --END-- [ RunTime:0.000459s ]
INFO: [ app_begin ] --START--
INFO: Run Behavior\ReadHtmlCacheBehavior [ RunTime:0.000615s ]
INFO: [ app_begin ] --END-- [ RunTime:0.000670s ]
SQL: SHOW COLUMNS FROM `video_list` [ RunTime:0.0010s ]
SQL: SELECT * FROM `video_list`  [ RunTime:0.0003s ]
INFO: [ app_end ] --START--
INFO: Run Behavior\ShowPageTraceBehavior [ RunTime:0.000694s ]
INFO: [ app_end ] --END-- [ RunTime:0.000741s ]

[ 2019-08-05T10:41:31+08:00 ] ::1 /MyApp/monitor/Home/Video/getVideoAPI
INFO: [ app_init ] --START--
INFO: Run Behavior\BuildLiteBehavior [ RunTime:0.000012s ]
INFO: [ app_init ] --END-- [ RunTime:0.000455s ]
INFO: [ app_begin ] --START--
INFO: Run Behavior\ReadHtmlCacheBehavior [ RunTime:0.000543s ]
INFO: [ app_begin ] --END-- [ RunTime:0.000588s ]
SQL: SHOW COLUMNS FROM `video_list` [ RunTime:0.0010s ]
SQL: SELECT * FROM `video_list`  [ RunTime:0.0003s ]
INFO: [ app_end ] --START--
INFO: Run Behavior\ShowPageTraceBehavior [ RunTime:0.000697s ]
INFO: [ app_end ] --END-- [ RunTime:0.000752s ]

[ 2019-08-05T10:41:44+08:00 ] ::1 /MyApp/monitor/Home/Video/getVideoAPI
INFO: [ app_init ] --START--
INFO: Run Behavior\BuildLiteBehavior [ RunTime:0.000014s ]
INFO: [ app_init ] --END-- [ RunTime:0.001510s ]
INFO: [ app_begin ] --START--
INFO: Run Behavior\ReadHtmlCacheBehavior [ RunTime:0.000537s ]
INFO: [ app_begin ] --END-- [ RunTime:0.000580s ]
SQL: SHOW COLUMNS FROM `video_list` [ RunTime:0.0011s ]
SQL: SELECT * FROM `video_list`  [ RunTime:0.0003s ]
INFO: [ app_end ] --START--
INFO: Run Behavior\ShowPageTraceBehavior [ RunTime:0.000743s ]
INFO: [ app_end ] --END-- [ RunTime:0.000792s ]

[ 2019-08-05T10:42:08+08:00 ] ::1 /MyApp/monitor/Home/Video/getVideoAPI
INFO: [ app_init ] --START--
INFO: Run Behavior\BuildLiteBehavior [ RunTime:0.000014s ]
INFO: [ app_init ] --END-- [ RunTime:0.002566s ]
INFO: [ app_begin ] --START--
INFO: Run Behavior\ReadHtmlCacheBehavior [ RunTime:0.001726s ]
INFO: [ app_begin ] --END-- [ RunTime:0.001801s ]
SQL: SHOW COLUMNS FROM `video_list` [ RunTime:0.0011s ]
SQL: SELECT * FROM `video_list`  [ RunTime:0.0004s ]
INFO: [ app_end ] --START--
INFO: Run Behavior\ShowPageTraceBehavior [ RunTime:0.001866s ]
INFO: [ app_end ] --END-- [ RunTime:0.001921s ]

[ 2019-08-05T10:45:02+08:00 ] ::1 /MyApp/monitor/Home/Video/getVideoAPI
INFO: [ app_init ] --START--
INFO: Run Behavior\BuildLiteBehavior [ RunTime:0.000013s ]
INFO: [ app_init ] --END-- [ RunTime:0.000505s ]
INFO: [ app_begin ] --START--
INFO: Run Behavior\ReadHtmlCacheBehavior [ RunTime:0.000791s ]
INFO: [ app_begin ] --END-- [ RunTime:0.000854s ]
SQL: SHOW COLUMNS FROM `video_list` [ RunTime:0.0012s ]
SQL: SELECT * FROM `video_list`  [ RunTime:0.0003s ]
INFO: [ app_end ] --START--
INFO: Run Behavior\ShowPageTraceBehavior [ RunTime:0.000875s ]
INFO: [ app_end ] --END-- [ RunTime:0.000933s ]

[ 2019-08-05T10:45:06+08:00 ] ::1 /MyApp/monitor/Home/Video/getVideoAPI
INFO: [ app_init ] --START--
INFO: Run Behavior\BuildLiteBehavior [ RunTime:0.000016s ]
INFO: [ app_init ] --END-- [ RunTime:0.000503s ]
INFO: [ app_begin ] --START--
INFO: Run Behavior\ReadHtmlCacheBehavior [ RunTime:0.000565s ]
INFO: [ app_begin ] --END-- [ RunTime:0.000613s ]
SQL: SHOW COLUMNS FROM `video_list` [ RunTime:0.0011s ]
SQL: SELECT * FROM `video_list`  [ RunTime:0.0003s ]
INFO: [ app_end ] --START--
INFO: Run Behavior\ShowPageTraceBehavior [ RunTime:0.000697s ]
INFO: [ app_end ] --END-- [ RunTime:0.000759s ]

[ 2019-08-05T10:45:12+08:00 ] ::1 /MyApp/monitor/Home/Video/getVideoAPI
INFO: [ app_init ] --START--
INFO: Run Behavior\BuildLiteBehavior [ RunTime:0.000013s ]
INFO: [ app_init ] --END-- [ RunTime:0.000426s ]
INFO: [ app_begin ] --START--
INFO: Run Behavior\ReadHtmlCacheBehavior [ RunTime:0.000635s ]
INFO: [ app_begin ] --END-- [ RunTime:0.000698s ]
SQL: SHOW COLUMNS FROM `video_list` [ RunTime:0.0007s ]
SQL: SELECT * FROM `video_list`  [ RunTime:0.0002s ]
INFO: [ app_end ] --START--
INFO: Run Behavior\ShowPageTraceBehavior [ RunTime:0.000470s ]
INFO: [ app_end ] --END-- [ RunTime:0.000496s ]

[ 2019-08-05T10:45:22+08:00 ] ::1 /MyApp/monitor/Home/Video/getVideoAPI
INFO: [ app_init ] --START--
INFO: Run Behavior\BuildLiteBehavior [ RunTime:0.000011s ]
INFO: [ app_init ] --END-- [ RunTime:0.000408s ]
INFO: [ app_begin ] --START--
INFO: Run Behavior\ReadHtmlCacheBehavior [ RunTime:0.000621s ]
INFO: [ app_begin ] --END-- [ RunTime:0.000672s ]
SQL: SHOW COLUMNS FROM `video_list` [ RunTime:0.0007s ]
SQL: SELECT * FROM `video_list`  [ RunTime:0.0002s ]
INFO: [ app_end ] --START--
INFO: Run Behavior\ShowPageTraceBehavior [ RunTime:0.000463s ]
INFO: [ app_end ] --END-- [ RunTime:0.000489s ]

[ 2019-08-05T10:45:32+08:00 ] ::1 /MyApp/monitor/Home/Video/getVideoAPI
INFO: [ app_init ] --START--
INFO: Run Behavior\BuildLiteBehavior [ RunTime:0.000012s ]
INFO: [ app_init ] --END-- [ RunTime:0.000483s ]
INFO: [ app_begin ] --START--
INFO: Run Behavior\ReadHtmlCacheBehavior [ RunTime:0.000559s ]
INFO: [ app_begin ] --END-- [ RunTime:0.000610s ]
SQL: SHOW COLUMNS FROM `video_list` [ RunTime:0.0012s ]
SQL: SELECT * FROM `video_list`  [ RunTime:0.0004s ]
INFO: [ app_end ] --START--
INFO: Run Behavior\ShowPageTraceBehavior [ RunTime:0.000962s ]
INFO: [ app_end ] --END-- [ RunTime:0.001022s ]

[ 2019-08-05T10:45:34+08:00 ] ::1 /MyApp/monitor/Home/Video/getVideoAPI
INFO: [ app_init ] --START--
INFO: Run Behavior\BuildLiteBehavior [ RunTime:0.000013s ]
INFO: [ app_init ] --END-- [ RunTime:0.000481s ]
INFO: [ app_begin ] --START--
INFO: Run Behavior\ReadHtmlCacheBehavior [ RunTime:0.000574s ]
INFO: [ app_begin ] --END-- [ RunTime:0.000627s ]
SQL: SHOW COLUMNS FROM `video_list` [ RunTime:0.0010s ]
SQL: SELECT * FROM `video_list`  [ RunTime:0.0003s ]
INFO: [ app_end ] --START--
INFO: Run Behavior\ShowPageTraceBehavior [ RunTime:0.000567s ]
INFO: [ app_end ] --END-- [ RunTime:0.000598s ]

[ 2019-08-05T10:46:24+08:00 ] ::1 /MYApp/monitor/Home/WarnningData/getWarnningDataAPI
INFO: [ app_init ] --START--
INFO: Run Behavior\BuildLiteBehavior [ RunTime:0.000008s ]
INFO: [ app_init ] --END-- [ RunTime:0.000285s ]
INFO: [ app_begin ] --START--
INFO: Run Behavior\ReadHtmlCacheBehavior [ RunTime:0.000330s ]
INFO: [ app_begin ] --END-- [ RunTime:0.000356s ]
SQL: SHOW COLUMNS FROM `warn_message` [ RunTime:0.0007s ]
SQL: SELECT * FROM `warn_message`  [ RunTime:0.0003s ]
SQL: SHOW COLUMNS FROM `co2_data` [ RunTime:0.0006s ]
SQL: SELECT * FROM `co2_data`  [ RunTime:0.0004s ]
SQL: SHOW COLUMNS FROM `pm_data` [ RunTime:0.0006s ]
SQL: SELECT * FROM `pm_data`  [ RunTime:0.0004s ]
SQL: SHOW COLUMNS FROM `temp_data` [ RunTime:0.0007s ]
SQL: SELECT * FROM `temp_data`  [ RunTime:0.0004s ]
SQL: SHOW COLUMNS FROM `humi_data` [ RunTime:0.0006s ]
SQL: SELECT * FROM `humi_data`  [ RunTime:0.0002s ]
INFO: [ app_end ] --START--
INFO: Run Behavior\ShowPageTraceBehavior [ RunTime:0.000579s ]
INFO: [ app_end ] --END-- [ RunTime:0.000608s ]

[ 2019-08-05T11:03:02+08:00 ] ::1 /MYApp/monitor/Home/WarnningData/getWarnningDataAPI
INFO: [ app_init ] --START--
INFO: Run Behavior\BuildLiteBehavior [ RunTime:0.000017s ]
INFO: [ app_init ] --END-- [ RunTime:0.000784s ]
INFO: [ app_begin ] --START--
INFO: Run Behavior\ReadHtmlCacheBehavior [ RunTime:0.000530s ]
INFO: [ app_begin ] --END-- [ RunTime:0.000568s ]
SQL: SHOW COLUMNS FROM `warn_message` [ RunTime:0.0028s ]
SQL: SELECT * FROM `warn_message`  [ RunTime:0.0006s ]
SQL: SHOW COLUMNS FROM `co2_data` [ RunTime:0.0013s ]
SQL: SELECT * FROM `co2_data`  [ RunTime:0.0004s ]
SQL: SHOW COLUMNS FROM `pm_data` [ RunTime:0.0011s ]
SQL: SELECT * FROM `pm_data`  [ RunTime:0.0004s ]
SQL: SHOW COLUMNS FROM `temp_data` [ RunTime:0.0013s ]
SQL: SELECT * FROM `temp_data`  [ RunTime:0.0003s ]
SQL: SHOW COLUMNS FROM `humi_data` [ RunTime:0.0011s ]
SQL: SELECT * FROM `humi_data`  [ RunTime:0.0003s ]
INFO: [ app_end ] --START--
INFO: Run Behavior\ShowPageTraceBehavior [ RunTime:0.000857s ]
INFO: [ app_end ] --END-- [ RunTime:0.000904s ]

[ 2019-08-05T11:03:21+08:00 ] ::1 /MyApp/monitor/Home/Video/getVideoAPI
INFO: [ app_init ] --START--
INFO: Run Behavior\BuildLiteBehavior [ RunTime:0.000008s ]
INFO: [ app_init ] --END-- [ RunTime:0.000394s ]
INFO: [ app_begin ] --START--
INFO: Run Behavior\ReadHtmlCacheBehavior [ RunTime:0.000566s ]
INFO: [ app_begin ] --END-- [ RunTime:0.000612s ]
SQL: SHOW COLUMNS FROM `video_list` [ RunTime:0.0007s ]
SQL: SELECT * FROM `video_list`  [ RunTime:0.0004s ]
INFO: [ app_end ] --START--
INFO: Run Behavior\ShowPageTraceBehavior [ RunTime:0.000802s ]
INFO: [ app_end ] --END-- [ RunTime:0.000849s ]

[ 2019-08-05T12:54:55+08:00 ] ::1 /MyApp/monitor/Home/Video/getVideoAPI
INFO: [ app_init ] --START--
INFO: Run Behavior\BuildLiteBehavior [ RunTime:0.000016s ]
INFO: [ app_init ] --END-- [ RunTime:0.000482s ]
INFO: [ app_begin ] --START--
INFO: Run Behavior\ReadHtmlCacheBehavior [ RunTime:0.000513s ]
INFO: [ app_begin ] --END-- [ RunTime:0.000549s ]
SQL: SHOW COLUMNS FROM `video_list` [ RunTime:0.0053s ]
SQL: SELECT * FROM `video_list`  [ RunTime:0.0005s ]
INFO: [ app_end ] --START--
INFO: Run Behavior\ShowPageTraceBehavior [ RunTime:0.000627s ]
INFO: [ app_end ] --END-- [ RunTime:0.000664s ]

[ 2019-08-05T12:55:55+08:00 ] ::1 /MyApp/monitor/Home/Video/getVideoAPI
INFO: [ app_init ] --START--
INFO: Run Behavior\BuildLiteBehavior [ RunTime:0.000008s ]
INFO: [ app_init ] --END-- [ RunTime:0.000253s ]
INFO: [ app_begin ] --START--
INFO: Run Behavior\ReadHtmlCacheBehavior [ RunTime:0.000931s ]
INFO: [ app_begin ] --END-- [ RunTime:0.001194s ]
SQL: SHOW COLUMNS FROM `video_list` [ RunTime:0.0047s ]
SQL: SELECT * FROM `video_list`  [ RunTime:0.0003s ]
INFO: [ app_end ] --START--
INFO: Run Behavior\ShowPageTraceBehavior [ RunTime:0.000461s ]
INFO: [ app_end ] --END-- [ RunTime:0.000487s ]

[ 2019-08-05T13:24:44+08:00 ] ::1 /MYApp/monitor/Home/WarnningData/getWarnningDataAPI
INFO: [ app_init ] --START--
INFO: Run Behavior\BuildLiteBehavior [ RunTime:0.000017s ]
INFO: [ app_init ] --END-- [ RunTime:0.000503s ]
INFO: [ app_begin ] --START--
INFO: Run Behavior\ReadHtmlCacheBehavior [ RunTime:0.001318s ]
INFO: [ app_begin ] --END-- [ RunTime:0.001395s ]
SQL: SHOW COLUMNS FROM `warn_message` [ RunTime:0.0685s ]
SQL: SELECT * FROM `warn_message`  [ RunTime:0.0012s ]
SQL: SHOW COLUMNS FROM `co2_data` [ RunTime:0.0037s ]
SQL: SELECT * FROM `co2_data`  [ RunTime:0.0006s ]
SQL: SHOW COLUMNS FROM `pm_data` [ RunTime:0.0110s ]
SQL: SELECT * FROM `pm_data`  [ RunTime:0.0005s ]
SQL: SHOW COLUMNS FROM `temp_data` [ RunTime:0.0014s ]
SQL: SELECT * FROM `temp_data`  [ RunTime:0.0004s ]
SQL: SHOW COLUMNS FROM `humi_data` [ RunTime:0.0013s ]
SQL: SELECT * FROM `humi_data`  [ RunTime:0.0005s ]
INFO: [ app_end ] --START--
INFO: Run Behavior\ShowPageTraceBehavior [ RunTime:0.001922s ]
INFO: [ app_end ] --END-- [ RunTime:0.001990s ]

[ 2019-08-05T15:50:48+08:00 ] ::1 /MYApp/monitor/Home/WarnningData/getWarnningDataAPI
INFO: [ app_init ] --START--
INFO: Run Behavior\BuildLiteBehavior [ RunTime:0.000016s ]
INFO: [ app_init ] --END-- [ RunTime:0.000670s ]
INFO: [ app_begin ] --START--
INFO: Run Behavior\ReadHtmlCacheBehavior [ RunTime:0.000502s ]
INFO: [ app_begin ] --END-- [ RunTime:0.000536s ]
SQL: SHOW COLUMNS FROM `warn_message` [ RunTime:0.0768s ]
SQL: SELECT * FROM `warn_message`  [ RunTime:0.0139s ]
SQL: SHOW COLUMNS FROM `co2_data` [ RunTime:0.0283s ]
SQL: SELECT * FROM `co2_data`  [ RunTime:0.0003s ]
SQL: SHOW COLUMNS FROM `pm_data` [ RunTime:0.0096s ]
SQL: SELECT * FROM `pm_data`  [ RunTime:0.0003s ]
SQL: SHOW COLUMNS FROM `temp_data` [ RunTime:0.0279s ]
SQL: SELECT * FROM `temp_data`  [ RunTime:0.0005s ]
SQL: SHOW COLUMNS FROM `humi_data` [ RunTime:0.0334s ]
SQL: SELECT * FROM `humi_data`  [ RunTime:0.0004s ]
INFO: [ app_end ] --START--
INFO: Run Behavior\ShowPageTraceBehavior [ RunTime:0.000811s ]
INFO: [ app_end ] --END-- [ RunTime:0.000852s ]

[ 2019-08-05T15:58:32+08:00 ] ::1 /MyApp/monitor/Home/Video/getVideoAPI
INFO: [ app_init ] --START--
INFO: Run Behavior\BuildLiteBehavior [ RunTime:0.000024s ]
INFO: [ app_init ] --END-- [ RunTime:0.000869s ]
INFO: [ app_begin ] --START--
INFO: Run Behavior\ReadHtmlCacheBehavior [ RunTime:0.000656s ]
INFO: [ app_begin ] --END-- [ RunTime:0.000718s ]
SQL: SHOW COLUMNS FROM `video_list` [ RunTime:0.0474s ]
SQL: SELECT * FROM `video_list`  [ RunTime:0.0004s ]
INFO: [ app_end ] --START--
INFO: Run Behavior\ShowPageTraceBehavior [ RunTime:0.000635s ]
INFO: [ app_end ] --END-- [ RunTime:0.000666s ]

[ 2019-08-05T21:55:45+08:00 ] ::1 /MyApp/monitor/Home/Mytest/myTestAPI
INFO: [ app_init ] --START--
INFO: Run Behavior\BuildLiteBehavior [ RunTime:0.000010s ]
INFO: [ app_init ] --END-- [ RunTime:0.000347s ]
INFO: [ app_begin ] --START--
INFO: Run Behavior\ReadHtmlCacheBehavior [ RunTime:0.000542s ]
INFO: [ app_begin ] --END-- [ RunTime:0.000577s ]
SQL: SHOW COLUMNS FROM `mytest` [ RunTime:0.0671s ]
SQL: SELECT * FROM `mytest`  [ RunTime:0.0004s ]
INFO: [ app_end ] --START--
INFO: Run Behavior\ShowPageTraceBehavior [ RunTime:0.000556s ]
INFO: [ app_end ] --END-- [ RunTime:0.000583s ]

[ 2019-08-05T21:56:16+08:00 ] ::1 /MyApp/monitor/Home/Mytest/myTestAPI
INFO: [ app_init ] --START--
INFO: Run Behavior\BuildLiteBehavior [ RunTime:0.000012s ]
INFO: [ app_init ] --END-- [ RunTime:0.000505s ]
INFO: [ app_begin ] --START--
INFO: Run Behavior\ReadHtmlCacheBehavior [ RunTime:0.000859s ]
INFO: [ app_begin ] --END-- [ RunTime:0.000990s ]
SQL: SHOW COLUMNS FROM `mytest` [ RunTime:0.0553s ]
SQL: SELECT * FROM `mytest`  [ RunTime:0.0005s ]
INFO: [ app_end ] --START--
INFO: Run Behavior\ShowPageTraceBehavior [ RunTime:0.000642s ]
INFO: [ app_end ] --END-- [ RunTime:0.000688s ]

[ 2019-08-05T21:56:39+08:00 ] ::1 /MyApp/monitor/Home/Mytest/myTestAPI
INFO: [ app_init ] --START--
INFO: Run Behavior\BuildLiteBehavior [ RunTime:0.000021s ]
INFO: [ app_init ] --END-- [ RunTime:0.000877s ]
INFO: [ app_begin ] --START--
INFO: Run Behavior\ReadHtmlCacheBehavior [ RunTime:0.000881s ]
INFO: [ app_begin ] --END-- [ RunTime:0.000948s ]
SQL: SHOW COLUMNS FROM `mytest` [ RunTime:0.0260s ]
SQL: SELECT * FROM `mytest`  [ RunTime:0.0005s ]
INFO: [ app_end ] --START--
INFO: Run Behavior\ShowPageTraceBehavior [ RunTime:0.000888s ]
INFO: [ app_end ] --END-- [ RunTime:0.000940s ]

[ 2019-08-05T21:58:09+08:00 ] ::1 /MyApp/monitor/Home/Mytest/myTestAPI
INFO: [ app_init ] --START--
INFO: Run Behavior\BuildLiteBehavior [ RunTime:0.000008s ]
INFO: [ app_init ] --END-- [ RunTime:0.000257s ]
INFO: [ app_begin ] --START--
INFO: Run Behavior\ReadHtmlCacheBehavior [ RunTime:0.000384s ]
INFO: [ app_begin ] --END-- [ RunTime:0.000409s ]
SQL: SHOW COLUMNS FROM `mytest` [ RunTime:0.0235s ]
SQL: SELECT * FROM `mytest`  [ RunTime:0.0004s ]
INFO: [ app_end ] --START--
INFO: Run Behavior\ShowPageTraceBehavior [ RunTime:0.000597s ]
INFO: [ app_end ] --END-- [ RunTime:0.000629s ]

[ 2019-08-05T21:58:11+08:00 ] ::1 /MyApp/monitor/Home/Mytest/myTestAPI
INFO: [ app_init ] --START--
INFO: Run Behavior\BuildLiteBehavior [ RunTime:0.000012s ]
INFO: [ app_init ] --END-- [ RunTime:0.000449s ]
INFO: [ app_begin ] --START--
INFO: Run Behavior\ReadHtmlCacheBehavior [ RunTime:0.000395s ]
INFO: [ app_begin ] --END-- [ RunTime:0.000431s ]
SQL: SHOW COLUMNS FROM `mytest` [ RunTime:0.0201s ]
SQL: SELECT * FROM `mytest`  [ RunTime:0.0006s ]
INFO: [ app_end ] --START--
INFO: Run Behavior\ShowPageTraceBehavior [ RunTime:0.001159s ]
INFO: [ app_end ] --END-- [ RunTime:0.001228s ]

[ 2019-08-05T21:58:25+08:00 ] ::1 /MyApp/monitor/Home/Mytest/myTestAPI
INFO: [ app_init ] --START--
INFO: Run Behavior\BuildLiteBehavior [ RunTime:0.000044s ]
INFO: [ app_init ] --END-- [ RunTime:0.000469s ]
INFO: [ app_begin ] --START--
INFO: Run Behavior\ReadHtmlCacheBehavior [ RunTime:0.000495s ]
INFO: [ app_begin ] --END-- [ RunTime:0.000528s ]
SQL: SHOW COLUMNS FROM `mytest` [ RunTime:0.0692s ]
SQL: SELECT * FROM `mytest`  [ RunTime:0.0007s ]
INFO: [ app_end ] --START--
INFO: Run Behavior\ShowPageTraceBehavior [ RunTime:0.001860s ]
INFO: [ app_end ] --END-- [ RunTime:0.001946s ]

[ 2019-08-05T21:59:22+08:00 ] ::1 /MyApp/monitor/Home/Mytest/myTestAPI
INFO: [ app_init ] --START--
INFO: Run Behavior\BuildLiteBehavior [ RunTime:0.000008s ]
INFO: [ app_init ] --END-- [ RunTime:0.000262s ]
INFO: [ app_begin ] --START--
INFO: Run Behavior\ReadHtmlCacheBehavior [ RunTime:0.000350s ]
INFO: [ app_begin ] --END-- [ RunTime:0.000377s ]
SQL: SHOW COLUMNS FROM `mytest` [ RunTime:0.0124s ]
SQL: SELECT * FROM `mytest`  [ RunTime:0.0010s ]
INFO: [ app_end ] --START--
INFO: Run Behavior\ShowPageTraceBehavior [ RunTime:0.002268s ]
INFO: [ app_end ] --END-- [ RunTime:0.002404s ]

[ 2019-08-05T22:00:08+08:00 ] ::1 /MyApp/monitor/Home/Mytest/myTestAPI
INFO: [ app_init ] --START--
INFO: Run Behavior\BuildLiteBehavior [ RunTime:0.000008s ]
INFO: [ app_init ] --END-- [ RunTime:0.000258s ]
INFO: [ app_begin ] --START--
INFO: Run Behavior\ReadHtmlCacheBehavior [ RunTime:0.000341s ]
INFO: [ app_begin ] --END-- [ RunTime:0.000368s ]
SQL: SHOW COLUMNS FROM `mytest` [ RunTime:0.0730s ]
SQL: SELECT * FROM `mytest`  [ RunTime:0.0008s ]
INFO: [ app_end ] --START--
INFO: Run Behavior\ShowPageTraceBehavior [ RunTime:0.001457s ]
INFO: [ app_end ] --END-- [ RunTime:0.001548s ]

[ 2019-08-05T22:02:03+08:00 ] ::1 /MyApp/monitor/Home/Mytest/myTestAPI
INFO: [ app_init ] --START--
INFO: Run Behavior\BuildLiteBehavior [ RunTime:0.000008s ]
INFO: [ app_init ] --END-- [ RunTime:0.000300s ]
INFO: [ app_begin ] --START--
INFO: Run Behavior\ReadHtmlCacheBehavior [ RunTime:0.000439s ]
INFO: [ app_begin ] --END-- [ RunTime:0.000467s ]
SQL: SHOW COLUMNS FROM `mytest` [ RunTime:0.0011s ]
SQL: SELECT * FROM `mytest`  [ RunTime:0.0003s ]
INFO: [ app_end ] --START--
INFO: Run Behavior\ShowPageTraceBehavior [ RunTime:0.000873s ]
INFO: [ app_end ] --END-- [ RunTime:0.000909s ]

[ 2019-08-05T22:02:26+08:00 ] ::1 /MyApp/monitor/Home/Mytest/myTestAPI
INFO: [ app_init ] --START--
INFO: Run Behavior\BuildLiteBehavior [ RunTime:0.000015s ]
INFO: [ app_init ] --END-- [ RunTime:0.000613s ]
INFO: [ app_begin ] --START--
INFO: Run Behavior\ReadHtmlCacheBehavior [ RunTime:0.000937s ]
INFO: [ app_begin ] --END-- [ RunTime:0.001000s ]
SQL: SHOW COLUMNS FROM `mytest` [ RunTime:0.0457s ]
SQL: SELECT * FROM `mytest`  [ RunTime:0.0020s ]
INFO: [ app_end ] --START--
INFO: Run Behavior\ShowPageTraceBehavior [ RunTime:0.005049s ]
INFO: [ app_end ] --END-- [ RunTime:0.005315s ]

[ 2019-08-05T22:02:50+08:00 ] ::1 /MyApp/monitor/Home/Mytest/myTestAPI
INFO: [ app_init ] --START--
INFO: Run Behavior\BuildLiteBehavior [ RunTime:0.000009s ]
INFO: [ app_init ] --END-- [ RunTime:0.000338s ]
INFO: [ app_begin ] --START--
INFO: Run Behavior\ReadHtmlCacheBehavior [ RunTime:0.000490s ]
INFO: [ app_begin ] --END-- [ RunTime:0.000537s ]
SQL: SHOW COLUMNS FROM `mytest` [ RunTime:0.0010s ]
SQL: SELECT * FROM `mytest`  [ RunTime:0.0003s ]
INFO: [ app_end ] --START--
INFO: Run Behavior\ShowPageTraceBehavior [ RunTime:0.000544s ]
INFO: [ app_end ] --END-- [ RunTime:0.000575s ]

[ 2019-08-05T22:48:06+08:00 ] ::1 /MyApp/monitor/Home/Mytest/myTestAPI
INFO: [ app_init ] --START--
INFO: Run Behavior\BuildLiteBehavior [ RunTime:0.000027s ]
INFO: [ app_init ] --END-- [ RunTime:0.002280s ]
INFO: [ app_begin ] --START--
INFO: Run Behavior\ReadHtmlCacheBehavior [ RunTime:0.001064s ]
INFO: [ app_begin ] --END-- [ RunTime:0.001128s ]
SQL: SHOW COLUMNS FROM `mytest` [ RunTime:0.0446s ]
SQL: SELECT * FROM `mytest`  [ RunTime:0.0023s ]
INFO: [ app_end ] --START--
INFO: Run Behavior\ShowPageTraceBehavior [ RunTime:0.005831s ]
INFO: [ app_end ] --END-- [ RunTime:0.006071s ]

[ 2019-08-05T22:54:38+08:00 ] ::1 /MYApp/monitor/Home/WarnningData/getWarnningDataAPI
INFO: [ app_init ] --START--
INFO: Run Behavior\BuildLiteBehavior [ RunTime:0.000014s ]
INFO: [ app_init ] --END-- [ RunTime:0.000427s ]
INFO: [ app_begin ] --START--
INFO: Run Behavior\ReadHtmlCacheBehavior [ RunTime:0.000465s ]
INFO: [ app_begin ] --END-- [ RunTime:0.000493s ]
SQL: SHOW COLUMNS FROM `warn_message` [ RunTime:0.0152s ]
SQL: SELECT * FROM `warn_message`  [ RunTime:0.0004s ]
SQL: SHOW COLUMNS FROM `co2_data` [ RunTime:0.0006s ]
SQL: SELECT * FROM `co2_data`  [ RunTime:0.0002s ]
SQL: SHOW COLUMNS FROM `pm_data` [ RunTime:0.0005s ]
SQL: SELECT * FROM `pm_data`  [ RunTime:0.0003s ]
SQL: SHOW COLUMNS FROM `temp_data` [ RunTime:0.0010s ]
SQL: SELECT * FROM `temp_data`  [ RunTime:0.0003s ]
SQL: SHOW COLUMNS FROM `humi_data` [ RunTime:0.0005s ]
SQL: SELECT * FROM `humi_data`  [ RunTime:0.0003s ]
INFO: [ app_end ] --START--
INFO: Run Behavior\ShowPageTraceBehavior [ RunTime:0.000744s ]
INFO: [ app_end ] --END-- [ RunTime:0.000783s ]

